🚀 Starting Batch Simulation
======================================================================
Configuration:
  Number of runs: 100
  Quarters per run: 40 (10.0 years)
  Base seed: 42

======================================================================

✓ Completed 10/100 simulations...
✓ Completed 20/100 simulations...
✓ Completed 30/100 simulations...
✓ Completed 40/100 simulations...
✓ Completed 50/100 simulations...
✓ Completed 60/100 simulations...
✓ Completed 70/100 simulations...
✓ Completed 80/100 simulations...
✓ Completed 90/100 simulations...
✓ Completed 100/100 simulations...

======================================================================
✅ All 100 simulations completed!

📊 Batch Simulation Results
======================================================================

💰 Investment Value Distribution ($100 initial investment):
   Simulations: 100
   Mean: $294.81
   Median: $302.52
   Std Dev: $61.76
   Min/Max: $149.88 / $408.84

   Percentiles:
     10th: $217.53
     25th: $249.00
     50th: $302.52
     75th: $344.94
     90th: $371.62

   Returns:
     Mean total return: +194.8%
     Median total return: +202.5%

💼 Final Fund AUM Distribution:
   Simulations: 100
   Mean: $1550.3M
   Median: $1267.8M
   Std Dev: $1029.4M
   Min/Max: $9.3M / $5128.8M

   Percentiles:
     10th: $314.8M
     25th: $889.9M
     50th: $1267.8M
     75th: $2187.2M
     90th: $2867.6M

👥 5-Year Author Compensation Distribution:
   Total authors at 5-year mark: 2489 (across 100 simulations)
   Avg authors per simulation: 24.9
   Mean compensation: $1.33M
   Median compensation: $1.34M
   Std Dev: $0.55M
   Min/Max: $0.01M / $4.16M

   Percentiles:
     10th: $0.52M
     25th: $1.05M
     50th: $1.34M
     75th: $1.63M
     90th: $2.00M

🎓 Total Author Count Distribution:
   Simulations: 100
   Mean: 155.5
   Median: 138.5
   Std Dev: 95.0
   Min/Max: 27 / 459

   Percentiles:
     10th: 43.9
     25th: 81.2
     50th: 138.5
     75th: 220.5
     90th: 294.6

💰 Paid Author Count Distribution (Authors Who Received Compensation):
   Simulations: 100
   Mean: 141.0
   Median: 120.0
   Std Dev: 86.3
   Min/Max: 21 / 411

   Percentiles:
     10th: 40.5
     25th: 73.8
     50th: 120.0
     75th: 194.2
     90th: 261.2

   Payment Rate: 90.7% of authors received compensation

📈 Generating plots...

✅ Generated 5 plots:
   Plot 1: ./batch_plot1_investment_value_distribution.png
   Plot 2: ./batch_plot2_5year_compensation_distribution.png
   Plot 3: ./batch_plot3_final_aum_distribution.png
   Plot 4: ./batch_plot4_total_author_count_distribution.png
   Plot 5: ./batch_plot5_paid_author_count_distribution.png

🎉 Batch simulation analysis complete!
