🚀 Starting Batch Simulation
======================================================================
Configuration:
  Number of runs: 100
  Quarters per run: 40 (10.0 years)
  Base seed: 42

======================================================================

✓ Completed 10/100 simulations...
✓ Completed 20/100 simulations...
✓ Completed 30/100 simulations...
✓ Completed 40/100 simulations...
✓ Completed 50/100 simulations...
✓ Completed 60/100 simulations...
✓ Completed 70/100 simulations...
✓ Completed 80/100 simulations...
✓ Completed 90/100 simulations...
✓ Completed 100/100 simulations...

======================================================================
✅ All 100 simulations completed!

📊 Batch Simulation Results
======================================================================

💰 Investment Value Distribution ($100 initial investment):
   Simulations: 100
   Mean: $181.88
   Median: $182.81
   Std Dev: $31.77
   Min/Max: $116.54 / $267.98

   Percentiles:
     10th: $143.81
     25th: $160.09
     50th: $182.81
     75th: $203.73
     90th: $222.01

   Returns:
     Mean total return: +81.9%
     Median total return: +82.8%

💼 Final Fund AUM Distribution:
   Simulations: 100
   Mean: $4416.4M
   Median: $3564.4M
   Std Dev: $2598.2M
   Min/Max: $764.8M / $12727.9M

   Percentiles:
     10th: $1697.6M
     25th: $2354.4M
     50th: $3564.4M
     75th: $5881.6M
     90th: $8246.6M

👥 5-Year Author Compensation Distribution:
   Total authors at 5-year mark: 5717 (across 100 simulations)
   Avg authors per simulation: 57.2
   Mean compensation: $1.23M
   Median compensation: $1.14M
   Std Dev: $0.57M
   Min/Max: $0.10M / $4.20M

   Percentiles:
     10th: $0.58M
     25th: $0.85M
     50th: $1.14M
     75th: $1.54M
     90th: $1.97M

🎓 Total Author Count Distribution:
   Simulations: 100
   Mean: 310.2
   Median: 280.5
   Std Dev: 177.9
   Min/Max: 43 / 819

   Percentiles:
     10th: 119.0
     25th: 166.0
     50th: 280.5
     75th: 426.2
     90th: 563.9

💰 Paid Author Count Distribution (Authors Who Received Compensation):
   Simulations: 100
   Mean: 288.3
   Median: 251.0
   Std Dev: 168.8
   Min/Max: 10 / 751

   Percentiles:
     10th: 106.9
     25th: 157.2
     50th: 251.0
     75th: 399.2
     90th: 530.8

   Payment Rate: 92.9% of authors received compensation

📈 Generating plots...

✅ Generated 5 plots:
   Plot 1: ./batch_plot1_investment_value_distribution.png
   Plot 2: ./batch_plot2_5year_compensation_distribution.png
   Plot 3: ./batch_plot3_final_aum_distribution.png
   Plot 4: ./batch_plot4_total_author_count_distribution.png
   Plot 5: ./batch_plot5_paid_author_count_distribution.png

🎉 Batch simulation analysis complete!
