🚀 Starting Batch Simulation
======================================================================
Configuration:
  Number of runs: 100
  Quarters per run: 40 (10.0 years)
  Base seed: 42

======================================================================

✓ Completed 10/100 simulations...
✓ Completed 20/100 simulations...
✓ Completed 30/100 simulations...
✓ Completed 40/100 simulations...
✓ Completed 50/100 simulations...
✓ Completed 60/100 simulations...
✓ Completed 70/100 simulations...
✓ Completed 80/100 simulations...
✓ Completed 90/100 simulations...
✓ Completed 100/100 simulations...

======================================================================
✅ All 100 simulations completed!

📊 Batch Simulation Results
======================================================================

💰 Investment Value Distribution ($100 initial investment):
   Simulations: 100
   Mean: $179.30
   Median: $177.45
   Std Dev: $30.33
   Min/Max: $95.29 / $272.05

   Percentiles:
     10th: $141.67
     25th: $163.82
     50th: $177.45
     75th: $198.12
     90th: $211.78

   Returns:
     Mean total return: +79.3%
     Median total return: +77.5%

💼 Final Fund AUM Distribution:
   Simulations: 100
   Mean: $5548.4M
   Median: $4868.2M
   Std Dev: $3311.5M
   Min/Max: $459.0M / $15624.4M

   Percentiles:
     10th: $2112.4M
     25th: $3321.5M
     50th: $4868.2M
     75th: $6636.2M
     90th: $10215.4M

👥 5-Year Author Compensation Distribution:
   Total authors at 5-year mark: 7459 (across 100 simulations)
   Avg authors per simulation: 74.6
   Mean compensation: $1.23M
   Median compensation: $1.15M
   Std Dev: $0.58M
   Min/Max: $0.02M / $6.05M

   Percentiles:
     10th: $0.58M
     25th: $0.84M
     50th: $1.15M
     75th: $1.52M
     90th: $1.97M

🎓 Total Author Count Distribution:
   Simulations: 100
   Mean: 383.9
   Median: 353.5
   Std Dev: 224.3
   Min/Max: 38 / 1096

   Percentiles:
     10th: 147.8
     25th: 232.5
     50th: 353.5
     75th: 485.0
     90th: 694.1

💰 Paid Author Count Distribution (Authors Who Received Compensation):
   Simulations: 100
   Mean: 357.6
   Median: 333.5
   Std Dev: 209.5
   Min/Max: 36 / 1017

   Percentiles:
     10th: 131.8
     25th: 213.5
     50th: 333.5
     75th: 461.0
     90th: 649.1

   Payment Rate: 93.2% of authors received compensation

📈 Generating plots...

✅ Generated 5 plots:
   Plot 1: ./batch_plot1_investment_value_distribution.png
   Plot 2: ./batch_plot2_5year_compensation_distribution.png
   Plot 3: ./batch_plot3_final_aum_distribution.png
   Plot 4: ./batch_plot4_total_author_count_distribution.png
   Plot 5: ./batch_plot5_paid_author_count_distribution.png

🎉 Batch simulation analysis complete!
